<?xml version="1.0" encoding="UTF-8"?>
<!-- Generated by org.testng.reporters.JUnitXMLReporter -->
<testsuite ignored="0" hostname="LAPTOP-Q4OQ44HK" failures="2" tests="6" name="BankingApp Test" time="74.921" errors="0" timestamp="2022-10-19T02:00:03 IST">
  <testcase classname="com.InetBanking.testCases.TC_LoginTest_01" name="LoginTest" time="11.738"/>
  <testcase classname="com.InetBanking.testCases.TC_LoginDDT_02" name="LoginDDT" time="5.774"/>
  <testcase classname="com.InetBanking.testCases.TC_LoginDDT_02" name="LoginDDT" time="4.901">
    <failure type="java.lang.AssertionError" message="expected [true] but found [false]">
      <![CDATA[java.lang.AssertionError: expected [true] but found [false]
at com.InetBanking.testCases.TC_LoginDDT_02.LoginDDT(TC_LoginDDT_02.java:42)
at java.base/java.util.ArrayList.forEach(ArrayList.java:1511)
... Removed 31 stack frames]]>
    </failure>
  </testcase> <!-- LoginDDT -->
  <testcase classname="com.InetBanking.testCases.TC_LoginDDT_02" name="LoginDDT" time="6.407"/>
  <testcase classname="com.InetBanking.testCases.TC_LoginDDT_02" name="LoginDDT" time="4.983">
    <failure type="java.lang.AssertionError" message="expected [true] but found [false]">
      <![CDATA[java.lang.AssertionError: expected [true] but found [false]
at com.InetBanking.testCases.TC_LoginDDT_02.LoginDDT(TC_LoginDDT_02.java:42)
at java.base/java.util.ArrayList.forEach(ArrayList.java:1511)
... Removed 31 stack frames]]>
    </failure>
  </testcase> <!-- LoginDDT -->
  <testcase classname="com.InetBanking.testCases.TC_AddCustomerTest_03" name="AddNewCustomer" time="24.552"/>
</testsuite> <!-- BankingApp Test -->
